\BOOKMARK [0][-]{chapter*.1}{\376\377\000C\000o\000n\000t\000e\000n\000t\000s}{}% 1
\BOOKMARK [0][-]{chapter*.2}{\376\377\000L\000i\000s\000t\000\040\000o\000f\000\040\000A\000b\000b\000r\000e\000v\000i\000a\000t\000i\000o\000n\000s}{}% 2
\BOOKMARK [0][-]{chapter.4}{\376\377\000I\000n\000t\000r\000o\000d\000u\000c\000t\000i\000o\000n}{}% 3
\BOOKMARK [0][-]{chapter.5}{\376\377\000B\000a\000c\000k\000g\000r\000o\000u\000n\000d}{}% 4
\BOOKMARK [1][-]{section.6}{\376\377\000A\000u\000t\000o\000m\000a\000t\000i\000c\000\040\000S\000p\000e\000e\000c\000h\000\040\000R\000e\000c\000o\000g\000n\000i\000t\000i\000o\000n}{chapter.5}% 5
\BOOKMARK [1][-]{section.7}{\376\377\000R\000e\000c\000u\000r\000r\000e\000n\000t\000\040\000N\000e\000u\000r\000a\000l\000\040\000N\000e\000t\000w\000o\000r\000k\000s\000\040\000f\000o\000r\000\040\000A\000S\000R}{chapter.5}% 6
\BOOKMARK [1][-]{section.11}{\376\377\000L\000o\000n\000g\000\040\000S\000h\000o\000r\000t\000-\000T\000e\000r\000m\000\040\000M\000e\000m\000o\000r\000y}{chapter.5}% 7
\BOOKMARK [1][-]{section.14}{\376\377\000F\000e\000a\000t\000u\000r\000e\000\040\000E\000x\000t\000r\000a\000c\000t\000i\000o\000n\000\040\000A\000l\000g\000o\000r\000i\000t\000h\000m\000s}{chapter.5}% 8
\BOOKMARK [0][-]{chapter.17}{\376\377\000E\000x\000p\000e\000r\000i\000m\000e\000n\000t\000\040\000M\000a\000t\000e\000r\000i\000a\000l\000s\000\040\000\046\000\040\000M\000e\000t\000h\000o\000d\000o\000l\000o\000g\000y}{}% 9
\BOOKMARK [1][-]{section.18}{\376\377\000D\000a\000t\000a\000s\000e\000t\000s\000\040\000U\000s\000e\000d}{chapter.17}% 10
\BOOKMARK [1][-]{section.19}{\376\377\000P\000r\000e\000-\000P\000r\000o\000c\000e\000s\000s\000i\000n\000g}{chapter.17}% 11
\BOOKMARK [1][-]{section.21}{\376\377\000N\000e\000t\000w\000o\000r\000k\000\040\000A\000r\000c\000h\000i\000t\000e\000c\000t\000u\000r\000e}{chapter.17}% 12
\BOOKMARK [1][-]{section.23}{\376\377\000E\000x\000p\000e\000r\000i\000m\000e\000n\000t\000a\000l\000\040\000P\000r\000o\000c\000e\000s\000s}{chapter.17}% 13
\BOOKMARK [0][-]{chapter.24}{\376\377\000E\000x\000p\000e\000r\000i\000m\000e\000n\000t\000a\000l\000\040\000R\000e\000s\000u\000l\000t\000s}{}% 14
\BOOKMARK [1][-]{section.25}{\376\377\000T\000a\000b\000u\000l\000a\000r\000\040\000P\000r\000e\000s\000e\000n\000t\000a\000t\000i\000o\000n\000\040\000o\000f\000\040\000D\000a\000t\000a}{chapter.24}% 15
\BOOKMARK [1][-]{section.26}{\376\377\000G\000r\000a\000p\000h\000i\000c\000a\000l\000\040\000P\000r\000e\000s\000e\000n\000t\000a\000t\000i\000o\000n\000\040\000o\000f\000\040\000D\000a\000t\000a}{chapter.24}% 16
\BOOKMARK [0][-]{chapter.32}{\376\377\000A\000n\000a\000l\000y\000s\000i\000s\000\040\000\046\000\040\000C\000o\000n\000c\000l\000u\000s\000i\000o\000n\000s}{}% 17
\BOOKMARK [1][-]{section.33}{\376\377\000E\000x\000p\000e\000r\000i\000m\000e\000n\000t\000a\000l\000\040\000A\000n\000a\000l\000y\000s\000i\000s\000\040\000a\000n\000d\000\040\000T\000r\000e\000n\000d\000s}{chapter.32}% 18
\BOOKMARK [1][-]{section.36}{\376\377\000F\000u\000r\000t\000h\000e\000r\000\040\000R\000e\000s\000e\000a\000r\000c\000h\000\040\000O\000p\000p\000o\000r\000t\000u\000n\000i\000t\000i\000e\000s\000\040\000a\000n\000d\000\040\000A\000s\000p\000i\000r\000a\000t\000i\000o\000n\000s}{chapter.32}% 19
\BOOKMARK [1][-]{section.37}{\376\377\000C\000o\000n\000c\000l\000u\000s\000i\000o\000n\000s}{chapter.32}% 20
\BOOKMARK [0][-]{chapter*.38}{\376\377\000B\000i\000b\000l\000i\000o\000g\000r\000a\000p\000h\000y}{}% 21
\BOOKMARK [0][-]{appendix.39}{\376\377\000A\000p\000p\000e\000n\000d\000i\000x\000\040\000A\000\040\000-\000\040\000E\000p\000o\000c\000h\000\040\000L\000o\000s\000s}{}% 22
\BOOKMARK [0][-]{appendix.44}{\376\377\000A\000p\000p\000e\000n\000d\000i\000x\000\040\000B\000\040\000-\000\040\000E\000x\000e\000c\000u\000t\000i\000o\000n\000\040\000T\000i\000m\000e}{}% 23
\BOOKMARK [0][-]{appendix.49}{\376\377\000A\000p\000p\000e\000n\000d\000i\000x\000\040\000C\000\040\000-\000\040\000M\000o\000d\000e\000l\000\040\000G\000r\000a\000p\000h}{}% 24
